[Server@58dca3ed]: [Thread[main,5,main]]: checkRunning(false) entered
[Server@58dca3ed]: [Thread[main,5,main]]: checkRunning(false) exited
[Server@58dca3ed]: [Thread[main,5,main]]: setDatabaseName(0,cookingdb)
[Server@58dca3ed]: [Thread[main,5,main]]: checkRunning(false) entered
[Server@58dca3ed]: [Thread[main,5,main]]: checkRunning(false) exited
[Server@58dca3ed]: [Thread[main,5,main]]: setDatabasePath(0,mem:cookingdb)
[Server@58dca3ed]: [Thread[main,5,main]]: start() entered
[Server@58dca3ed]: [Thread[HSQLDB Server @58dca3ed,5,main]]: run() entered
[Server@58dca3ed]: Initiating startup sequence...
[Server@58dca3ed]: [Thread[HSQLDB Server @58dca3ed,5,main]]: server.maxdatabases=10
[Server@58dca3ed]: [Thread[HSQLDB Server @58dca3ed,5,main]]: server.tls=false
[Server@58dca3ed]: [Thread[HSQLDB Server @58dca3ed,5,main]]: server.trace=false
[Server@58dca3ed]: [Thread[HSQLDB Server @58dca3ed,5,main]]: server.database.0=mem:cookingdb
[Server@58dca3ed]: [Thread[HSQLDB Server @58dca3ed,5,main]]: server.restart_on_shutdown=false
[Server@58dca3ed]: [Thread[HSQLDB Server @58dca3ed,5,main]]: server.no_system_exit=true
[Server@58dca3ed]: [Thread[HSQLDB Server @58dca3ed,5,main]]: server.silent=true
[Server@58dca3ed]: [Thread[HSQLDB Server @58dca3ed,5,main]]: server.default_page=index.html
[Server@58dca3ed]: [Thread[HSQLDB Server @58dca3ed,5,main]]: server.address=0.0.0.0
[Server@58dca3ed]: [Thread[HSQLDB Server @58dca3ed,5,main]]: server.dbname.0=cookingdb
[Server@58dca3ed]: [Thread[HSQLDB Server @58dca3ed,5,main]]: server.root=.
[Server@58dca3ed]: [Thread[HSQLDB Server @58dca3ed,5,main]]: openServerSocket() entered
[Server@58dca3ed]: [Thread[HSQLDB Server @58dca3ed,5,main]]: Got server socket: ServerSocket[addr=0.0.0.0/0.0.0.0,port=0,localport=9001]
[Server@58dca3ed]: Server socket opened successfully in 1 ms.
[Server@58dca3ed]: [Thread[HSQLDB Server @58dca3ed,5,main]]: openServerSocket() exiting
[Server@58dca3ed]: [Thread[HSQLDB Server @58dca3ed,5,main]]: openDatabases() entered
[Server@58dca3ed]: [Thread[HSQLDB Server @58dca3ed,5,main]]: Opening database: [mem:cookingdb]
[Server@58dca3ed]: Database [index=0, id=0, db=mem:cookingdb, alias=cookingdb] opened sucessfully in 163 ms.
[Server@58dca3ed]: [Thread[HSQLDB Server @58dca3ed,5,main]]: openDatabases() exiting
[Server@58dca3ed]: Startup sequence completed in 165 ms.
[Server@58dca3ed]: 2015-03-12 18:47:53.965 HSQLDB server 2.3.2 is online on port 9001
[Server@58dca3ed]: To close normally, connect and execute SHUTDOWN SQL
[Server@58dca3ed]: From command line, use [Ctrl]+[C] to abort abruptly
[Server@58dca3ed]: [Thread[main,5,main]]: start() exiting
[Server@58dca3ed]: [Thread[HSQLDB Server @58dca3ed,5,main]]: handleConnection(Socket[addr=/127.0.0.1,port=53734,localport=9001]) entered
[Server@58dca3ed]: [Thread[HSQLDB Server @58dca3ed,5,main]]: handleConnection() exited
[Server@58dca3ed]: [Thread[HSQLDB Connection @6f7e982f,5,HSQLDB Connections @58dca3ed]]: 0:Trying to connect user 'sa' to DB (cookingdb)
[Server@58dca3ed]: [Thread[HSQLDB Connection @6f7e982f,5,HSQLDB Connections @58dca3ed]]: 0:Connected user 'sa'
[Server@58dca3ed]: 0:
		CREATE TABLE COOKBOOK(
			ID INTEGER PRIMARY KEY,
			TITLE VARCHAR(100),
			AUTHOR VARCHAR(100),
			YEAR INTEGER)
	
[Server@58dca3ed]: 0:
		CREATE TABLE CHAPTER(
			ID INTEGER PRIMARY KEY,
			BOOK_ID INTEGER,
			TITLE VARCHAR(100))
	
[Server@58dca3ed]: 0:
		CREATE TABLE RECIPE(
			ID INTEGER PRIMARY KEY,
			CHAPTER_ID INTEGER,
			TITLE VARCHAR(100),
			DESCRIPTION CLOB,
			IMAGE BLOB)
	
[Server@58dca3ed]: 0:
		CREATE TABLE INGREDIENT(
			ID INTEGER PRIMARY KEY,
			RECIPE_ID INTEGER,
			NAME VARCHAR(100),
			AMOUNT DOUBLE,
			UNITS VARCHAR(100))
	
